[
  {
    "Plan": {
      "Node Type": "Aggregate",
      "Strategy": "Plain",
      "Partial Mode": "Simple",
      "Parallel Aware": false,
      "Startup Cost": 3212.56,
      "Total Cost": 3212.57,
      "Plan Rows": 1,
      "Plan Width": 32,
      "Output": ["sum((lineitem.l_extendedprice * ('1'::numeric - lineitem.l_discount)))"],
      "Plans": [
        {
          "Node Type": "Merge Join",
          "Parent Relationship": "Outer",
          "Parallel Aware": false,
          "Join Type": "Inner",
          "Startup Cost": 3206.92,
          "Total Cost": 3212.55,
          "Plan Rows": 1,
          "Plan Width": 12,
          "Output": ["lineitem.l_extendedprice", "lineitem.l_discount"],
          "Inner Unique": false,
          "Merge Cond": "(lineitem.l_partkey = part.p_partkey)",
          "Join Filter": "(((part.p_brand = 'Brand#12'::bpchar) AND (part.p_container = ANY ('{\"SM CASE\",\"SM BOX\",\"SM PACK\",\"SM PKG\"}'::bpchar[])) AND (lineitem.l_quantity >= '1'::numeric) AND (lineitem.l_quantity <= '11'::numeric) AND (part.p_size <= 5)) OR ((part.p_brand = 'Brand#23'::bpchar) AND (part.p_container = ANY ('{\"MED BAG\",\"MED BOX\",\"MED PKG\",\"MED PACK\"}'::bpchar[])) AND (lineitem.l_quantity >= '10'::numeric) AND (lineitem.l_quantity <= '20'::numeric) AND (part.p_size <= 10)) OR ((part.p_brand = 'Brand#34'::bpchar) AND (part.p_container = ANY ('{\"LG CASE\",\"LG BOX\",\"LG PACK\",\"LG PKG\"}'::bpchar[])) AND (lineitem.l_quantity >= '20'::numeric) AND (lineitem.l_quantity <= '30'::numeric) AND (part.p_size <= 15)))",
          "Plans": [
            {
              "Node Type": "Sort",
              "Parent Relationship": "Outer",
              "Parallel Aware": false,
              "Startup Cost": 3080.88,
              "Total Cost": 3083.63,
              "Plan Rows": 1101,
              "Plan Width": 25,
              "Output": ["lineitem.l_extendedprice", "lineitem.l_discount", "lineitem.l_partkey", "lineitem.l_quantity"],
              "Sort Key": ["lineitem.l_partkey"],
              "Plans": [
                {
                  "Node Type": "Seq Scan",
                  "Parent Relationship": "Outer",
                  "Parallel Aware": false,
                  "Relation Name": "lineitem",
                  "Schema": "public",
                  "Alias": "lineitem",
                  "Startup Cost": 0.00,
                  "Total Cost": 3025.25,
                  "Plan Rows": 1101,
                  "Plan Width": 25,
                  "Output": ["lineitem.l_extendedprice", "lineitem.l_discount", "lineitem.l_partkey", "lineitem.l_quantity"],
                  "Filter": "((lineitem.l_shipmode = ANY ('{AIR,\"AIR REG\"}'::bpchar[])) AND (lineitem.l_shipinstruct = 'DELIVER IN PERSON'::bpchar) AND (((lineitem.l_quantity >= '1'::numeric) AND (lineitem.l_quantity <= '11'::numeric)) OR ((lineitem.l_quantity >= '10'::numeric) AND (lineitem.l_quantity <= '20'::numeric)) OR ((lineitem.l_quantity >= '20'::numeric) AND (lineitem.l_quantity <= '30'::numeric))))"
                }
              ]
            },
            {
              "Node Type": "Sort",
              "Parent Relationship": "Inner",
              "Parallel Aware": false,
              "Startup Cost": 126.04,
              "Total Cost": 126.05,
              "Plan Rows": 4,
              "Plan Width": 30,
              "Output": ["part.p_partkey", "part.p_brand", "part.p_container", "part.p_size"],
              "Sort Key": ["part.p_partkey"],
              "Plans": [
                {
                  "Node Type": "Seq Scan",
                  "Parent Relationship": "Outer",
                  "Parallel Aware": false,
                  "Relation Name": "part",
                  "Schema": "public",
                  "Alias": "part",
                  "Startup Cost": 0.00,
                  "Total Cost": 126.00,
                  "Plan Rows": 4,
                  "Plan Width": 30,
                  "Output": ["part.p_partkey", "part.p_brand", "part.p_container", "part.p_size"],
                  "Filter": "((part.p_size >= 1) AND (((part.p_brand = 'Brand#12'::bpchar) AND (part.p_container = ANY ('{\"SM CASE\",\"SM BOX\",\"SM PACK\",\"SM PKG\"}'::bpchar[])) AND (part.p_size <= 5)) OR ((part.p_brand = 'Brand#23'::bpchar) AND (part.p_container = ANY ('{\"MED BAG\",\"MED BOX\",\"MED PKG\",\"MED PACK\"}'::bpchar[])) AND (part.p_size <= 10)) OR ((part.p_brand = 'Brand#34'::bpchar) AND (part.p_container = ANY ('{\"LG CASE\",\"LG BOX\",\"LG PACK\",\"LG PKG\"}'::bpchar[])) AND (part.p_size <= 15))))"
                }
              ]
            }
          ]
        }
      ]
    }
  }
]
