[
  {
    "Plan": {
      "Node Type": "Aggregate",
      "Strategy": "Plain",
      "Partial Mode": "Simple",
      "Parallel Aware": false,
      "Startup Cost": 2579.85,
      "Total Cost": 2579.86,
      "Plan Rows": 1,
      "Plan Width": 32,
      "Output": ["sum((l_extendedprice * l_discount))"],
      "Plans": [
        {
          "Node Type": "Seq Scan",
          "Parent Relationship": "Outer",
          "Parallel Aware": false,
          "Relation Name": "lineitem",
          "Schema": "public",
          "Alias": "lineitem",
          "Startup Cost": 0.00,
          "Total Cost": 2573.94,
          "Plan Rows": 1181,
          "Plan Width": 12,
          "Output": ["l_orderkey", "l_partkey", "l_suppkey", "l_linenumber", "l_quantity", "l_extendedprice", "l_discount", "l_tax", "l_returnflag", "l_linestatus", "l_shipdate", "l_commitdate", "l_receiptdate", "l_shipinstruct", "l_shipmode", "l_comment"],
          "Filter": "((lineitem.l_shipdate >= '1994-01-01'::date) AND (lineitem.l_shipdate < '1995-01-01 00:00:00'::timestamp without time zone) AND (lineitem.l_discount >= 0.05) AND (lineitem.l_discount <= 0.07) AND (lineitem.l_quantity < '24'::numeric))"
        }
      ]
    }
  }
]
